2020-07-24 02:20:48 INFO  PluginTasksProjectComponent.projectOpened(77) - ---------- Project opened ----------
2020-07-24 02:20:48 INFO  PluginTasksProjectComponent.projectOpened(78) - ---------- Version 3.38 ----------

2020-07-24 02:20:48 INFO  PluginTasksProjectComponent.setAutoscrolls(366) - Autoscrolls successfully set
2020-07-24 02:20:49 INFO  ApacheHttpClient.createAsyncHttpClient(143) - 1 proxies selected. Type: DIRECT
2020-07-24 02:20:49 INFO  ApacheHttpClient.<init>(94) - ApacheHttpClient was successfully instantiated.
2020-07-24 02:20:49 INFO  ApacheHttpClient.testConnection(202) - responseCode = 200
2020-07-24 02:20:49 INFO  ApacheHttpClient.testConnection(217) - result = true
2020-07-24 02:20:49 INFO  ApacheHttpClient.isSessionAppropriateWithSecretKey(581) - The session is not set in the property file.
2020-07-24 02:20:49 INFO  ApacheHttpClient.login(247) - Waiting for server response.
2020-07-24 02:20:49 INFO  ApacheHttpClient.login(251) - responseCode = 200
2020-07-24 02:20:49 INFO  ApacheHttpClient.login(274) - JSESSIONID OK
2020-07-24 02:20:49 INFO  ApacheHttpClient.refreshUserInfo(302) - responseCode = 200
2020-07-24 02:20:49 INFO  ApacheHttpClient.refreshUserInfo(308) - User information received.
2020-07-24 02:20:49 INFO  ApacheHttpClient.startGA(35) - GAService started.
2020-07-24 02:20:49 INFO  AbstractRestApiClient.startService(71) - EventsService started.
2020-07-24 02:21:12 INFO  ApacheHttpClient.getWebResourceAsStream(494) - responseCode = 200
2020-07-24 02:21:13 INFO  ApacheHttpClient.getFilteredTasks(333) - responseCode = 200
2020-07-24 02:21:20 INFO  ApacheHttpClient.getFilteredTasks(333) - responseCode = 200
2020-07-24 02:21:25 INFO  ApacheHttpClient.getTaskTemplateInfo(350) - responseCode = 200
2020-07-24 02:21:27 INFO  ApacheHttpClient.getWebResourceAsStream(494) - responseCode = 200
2020-07-24 02:21:49 INFO  ApacheHttpClient.sendEvent(527) - responseCode = 200
2020-07-24 02:22:49 INFO  ApacheHttpClient.sendEvent(527) - responseCode = 200
2020-07-24 02:23:49 INFO  ApacheHttpClient.sendEvent(527) - responseCode = 200
2020-07-24 02:24:49 INFO  ApacheHttpClient.sendEvent(527) - responseCode = 200
2020-07-24 02:25:49 INFO  ApacheHttpClient.sendEvent(527) - responseCode = 200
2020-07-24 02:26:49 INFO  ApacheHttpClient.sendEvent(527) - responseCode = 200
2020-07-24 02:27:49 INFO  ApacheHttpClient.sendEvent(527) - responseCode = 200
2020-07-24 02:28:49 INFO  ApacheHttpClient.sendEvent(527) - responseCode = 200
2020-07-24 02:29:49 INFO  ApacheHttpClient.sendEvent(527) - responseCode = 200
2020-07-24 02:30:49 INFO  ApacheHttpClient.sendEvent(527) - responseCode = 200
2020-07-24 02:31:49 INFO  ApacheHttpClient.sendEvent(527) - responseCode = 200
2020-07-24 02:32:49 INFO  ApacheHttpClient.sendEvent(527) - responseCode = 200
2020-07-24 02:33:49 INFO  ApacheHttpClient.sendEvent(527) - responseCode = 200
2020-07-24 02:34:49 INFO  ApacheHttpClient.sendEvent(527) - responseCode = 200
2020-07-24 02:35:49 INFO  ApacheHttpClient.sendEvent(527) - responseCode = 200
2020-07-24 02:36:49 INFO  ApacheHttpClient.sendEvent(527) - responseCode = 200
2020-07-24 02:37:49 INFO  ApacheHttpClient.sendEvent(527) - responseCode = 200
2020-07-24 02:38:25 INFO  ApacheHttpClient.getWebResourceAsStream(494) - responseCode = 200
2020-07-24 02:38:26 INFO  ApacheHttpClient.getWebResourceAsStream(494) - responseCode = 200
2020-07-24 02:38:26 INFO  ApacheHttpClient.getTask(480) - responseCode = 200
2020-07-24 02:38:28 INFO  ApacheHttpClient.completed(28) - responseCode = 200
2020-07-24 02:38:28 INFO  ApacheHttpClient.getTask(480) - responseCode = 200
2020-07-24 02:38:49 INFO  ApacheHttpClient.sendEvent(527) - responseCode = 200
2020-07-24 02:39:12 INFO  ApacheHttpClient.getWebResourceAsStream(494) - responseCode = 200
2020-07-24 02:39:12 INFO  ApacheHttpClient.completed(28) - responseCode = 400
2020-07-24 02:39:12 INFO  ApacheHttpClient.getTask(480) - responseCode = 200
2020-07-24 02:39:12 WARN  TaskCompleted.run(69) - You already completed this task: "Ввести с клавиатуры три целых числа. Вывести на экран количество положительных чисел среди этих трех."
2020-07-24 02:39:12 INFO  ApacheHttpClient.getWebResourceAsStream(494) - responseCode = 200
2020-07-24 02:39:31 INFO  ApacheHttpClient.getWebResourceAsStream(494) - responseCode = 200
2020-07-24 02:39:32 INFO  ApacheHttpClient.getFilteredTasks(333) - responseCode = 200
2020-07-24 02:39:37 INFO  ApacheHttpClient.getTaskTemplateInfo(350) - responseCode = 200
2020-07-24 02:39:37 INFO  ApacheHttpClient.getWebResourceAsStream(494) - responseCode = 200
2020-07-24 02:39:49 INFO  ApacheHttpClient.sendEvent(527) - responseCode = 200
2020-07-24 02:40:49 INFO  ApacheHttpClient.sendEvent(527) - responseCode = 200
2020-07-24 02:40:50 INFO  ApacheHttpClient.sendEvent(527) - responseCode = 200
2020-07-24 02:41:49 INFO  ApacheHttpClient.sendEvent(527) - responseCode = 200
2020-07-24 02:41:50 INFO  ApacheHttpClient.sendEvent(527) - responseCode = 200
2020-07-24 02:42:49 INFO  ApacheHttpClient.sendEvent(527) - responseCode = 200
2020-07-24 02:43:49 INFO  ApacheHttpClient.sendEvent(527) - responseCode = 200
2020-07-24 02:44:11 INFO  ApacheHttpClient.getWebResourceAsStream(494) - responseCode = 200
2020-07-24 02:44:11 INFO  ApacheHttpClient.getTask(480) - responseCode = 200
2020-07-24 02:44:11 INFO  ApacheHttpClient.getWebResourceAsStream(494) - responseCode = 200
2020-07-24 02:44:14 INFO  ApacheHttpClient.completed(28) - responseCode = 200
2020-07-24 02:44:15 INFO  ApacheHttpClient.getTask(480) - responseCode = 200
2020-07-24 02:44:49 INFO  ApacheHttpClient.sendEvent(527) - responseCode = 200
2020-07-24 02:45:49 INFO  ApacheHttpClient.sendEvent(527) - responseCode = 200
2020-07-24 02:46:23 INFO  ApacheHttpClient.getWebResourceAsStream(494) - responseCode = 200
2020-07-24 02:46:23 INFO  ApacheHttpClient.getFilteredTasks(333) - responseCode = 200
2020-07-24 02:46:49 INFO  ApacheHttpClient.sendEvent(527) - responseCode = 200
2020-07-24 02:47:49 INFO  ApacheHttpClient.sendEvent(527) - responseCode = 200
2020-07-24 02:48:49 INFO  ApacheHttpClient.sendEvent(527) - responseCode = 200
2020-07-24 02:49:49 INFO  ApacheHttpClient.sendEvent(527) - responseCode = 200
2020-07-24 02:50:49 INFO  ApacheHttpClient.sendEvent(527) - responseCode = 200
2020-07-24 02:51:49 INFO  ApacheHttpClient.sendEvent(527) - responseCode = 200
2020-07-24 02:52:49 INFO  ApacheHttpClient.sendEvent(527) - responseCode = 200
2020-07-24 02:53:49 INFO  ApacheHttpClient.sendEvent(527) - responseCode = 200
2020-07-24 02:54:49 INFO  ApacheHttpClient.sendEvent(527) - responseCode = 200
2020-07-24 02:55:49 INFO  ApacheHttpClient.sendEvent(527) - responseCode = 200
2020-07-24 02:56:49 INFO  ApacheHttpClient.sendEvent(527) - responseCode = 200
2020-07-24 02:57:49 INFO  ApacheHttpClient.sendEvent(527) - responseCode = 200
2020-07-24 02:58:49 INFO  ApacheHttpClient.sendEvent(527) - responseCode = 200
2020-07-24 02:59:49 INFO  ApacheHttpClient.sendEvent(527) - responseCode = 200
2020-07-24 03:00:49 INFO  ApacheHttpClient.sendEvent(527) - responseCode = 200
2020-07-24 03:01:49 INFO  ApacheHttpClient.sendEvent(527) - responseCode = 200
2020-07-24 03:02:49 INFO  ApacheHttpClient.sendEvent(527) - responseCode = 200
2020-07-24 03:03:49 INFO  ApacheHttpClient.sendEvent(527) - responseCode = 200
2020-07-24 03:04:20 INFO  ApacheHttpClient.getTaskTemplateInfo(350) - responseCode = 200
2020-07-24 03:04:20 INFO  ApacheHttpClient.getWebResourceAsStream(494) - responseCode = 200
2020-07-24 03:04:49 INFO  ApacheHttpClient.sendEvent(527) - responseCode = 200
2020-07-24 03:05:49 INFO  ApacheHttpClient.sendEvent(527) - responseCode = 200
2020-07-24 03:06:40 INFO  ApacheHttpClient.getWebResourceAsStream(494) - responseCode = 200
2020-07-24 03:06:41 INFO  ApacheHttpClient.getTask(480) - responseCode = 200
2020-07-24 03:06:41 INFO  ApacheHttpClient.getWebResourceAsStream(494) - responseCode = 200
2020-07-24 03:06:42 INFO  ApacheHttpClient.completed(28) - responseCode = 200
2020-07-24 03:06:42 INFO  ApacheHttpClient.getTask(480) - responseCode = 200
2020-07-24 03:06:46 INFO  ApacheHttpClient.getWebResourceAsStream(494) - responseCode = 200
2020-07-24 03:06:47 INFO  ApacheHttpClient.getFilteredTasks(333) - responseCode = 200
2020-07-24 03:06:49 INFO  ApacheHttpClient.sendEvent(527) - responseCode = 200
2020-07-24 03:07:10 INFO  ApacheHttpClient.getTaskTemplateInfo(350) - responseCode = 200
2020-07-24 03:07:11 INFO  ApacheHttpClient.getWebResourceAsStream(494) - responseCode = 200
2020-07-24 03:07:49 INFO  ApacheHttpClient.sendEvent(527) - responseCode = 200
2020-07-24 03:07:50 INFO  ApacheHttpClient.sendEvent(527) - responseCode = 200
2020-07-24 03:08:06 INFO  ApacheHttpClient.getWebResourceAsStream(494) - responseCode = 200
2020-07-24 03:08:07 INFO  ApacheHttpClient.getTask(480) - responseCode = 200
2020-07-24 03:08:07 INFO  ApacheHttpClient.getWebResourceAsStream(494) - responseCode = 200
2020-07-24 03:08:07 INFO  ApacheHttpClient.completed(28) - responseCode = 200
2020-07-24 03:08:07 INFO  ApacheHttpClient.getTask(480) - responseCode = 200
2020-07-24 03:08:11 INFO  ApacheHttpClient.getWebResourceAsStream(494) - responseCode = 200
2020-07-24 03:08:11 INFO  ApacheHttpClient.getFilteredTasks(333) - responseCode = 200
2020-07-24 03:08:49 INFO  ApacheHttpClient.sendEvent(527) - responseCode = 200
2020-07-24 03:09:49 INFO  ApacheHttpClient.sendEvent(527) - responseCode = 200
2020-07-24 03:10:12 INFO  ApacheHttpClient.getTaskTemplateInfo(350) - responseCode = 200
2020-07-24 03:10:13 INFO  ApacheHttpClient.getWebResourceAsStream(494) - responseCode = 200
2020-07-24 03:10:49 INFO  ApacheHttpClient.sendEvent(527) - responseCode = 200
2020-07-24 03:10:50 INFO  ApacheHttpClient.sendEvent(527) - responseCode = 200
2020-07-24 03:11:49 INFO  ApacheHttpClient.sendEvent(527) - responseCode = 200
2020-07-24 03:11:50 INFO  ApacheHttpClient.sendEvent(527) - responseCode = 200
2020-07-24 03:12:49 INFO  ApacheHttpClient.sendEvent(527) - responseCode = 200
2020-07-24 03:12:50 INFO  ApacheHttpClient.sendEvent(527) - responseCode = 200
2020-07-24 03:13:42 INFO  ApacheHttpClient.getWebResourceAsStream(494) - responseCode = 200
2020-07-24 03:13:42 INFO  ApacheHttpClient.getTask(480) - responseCode = 200
2020-07-24 03:13:42 INFO  ApacheHttpClient.getWebResourceAsStream(494) - responseCode = 200
2020-07-24 03:13:43 INFO  ApacheHttpClient.completed(28) - responseCode = 200
2020-07-24 03:13:43 INFO  ApacheHttpClient.getTask(480) - responseCode = 200
2020-07-24 03:13:49 INFO  ApacheHttpClient.sendEvent(527) - responseCode = 200
2020-07-24 03:14:07 INFO  ApacheHttpClient.getWebResourceAsStream(494) - responseCode = 200
2020-07-24 03:14:07 INFO  ApacheHttpClient.getFilteredTasks(333) - responseCode = 200
2020-07-24 03:14:21 INFO  ApacheHttpClient.getTaskTemplateInfo(350) - responseCode = 200
2020-07-24 03:14:22 INFO  ApacheHttpClient.getWebResourceAsStream(494) - responseCode = 200
2020-07-24 03:14:49 INFO  ApacheHttpClient.sendEvent(527) - responseCode = 200
2020-07-24 03:15:49 INFO  ApacheHttpClient.sendEvent(527) - responseCode = 200
2020-07-24 03:16:49 INFO  ApacheHttpClient.sendEvent(527) - responseCode = 200
2020-07-24 03:17:49 INFO  ApacheHttpClient.sendEvent(527) - responseCode = 200
2020-07-24 03:18:49 INFO  ApacheHttpClient.sendEvent(527) - responseCode = 200
2020-07-24 03:19:49 INFO  ApacheHttpClient.sendEvent(527) - responseCode = 200
2020-07-24 03:20:49 INFO  ApacheHttpClient.sendEvent(527) - responseCode = 200
2020-07-24 03:21:49 INFO  ApacheHttpClient.sendEvent(527) - responseCode = 200
2020-07-24 03:22:49 INFO  ApacheHttpClient.sendEvent(527) - responseCode = 200
2020-07-24 03:23:49 INFO  ApacheHttpClient.sendEvent(527) - responseCode = 200
2020-07-24 03:24:04 INFO  ApacheHttpClient.getWebResourceAsStream(494) - responseCode = 200
2020-07-24 03:24:04 INFO  ApacheHttpClient.getTask(480) - responseCode = 200
2020-07-24 03:24:04 INFO  ApacheHttpClient.getWebResourceAsStream(494) - responseCode = 200
2020-07-24 03:24:05 INFO  ApacheHttpClient.completed(28) - responseCode = 200
2020-07-24 03:24:05 INFO  ApacheHttpClient.getTask(480) - responseCode = 200
2020-07-24 03:24:31 INFO  ApacheHttpClient.getWebResourceAsStream(494) - responseCode = 200
2020-07-24 03:24:32 INFO  ApacheHttpClient.getFilteredTasks(333) - responseCode = 200
2020-07-24 03:24:43 INFO  ApacheHttpClient.getTaskTemplateInfo(350) - responseCode = 200
2020-07-24 03:24:43 INFO  ApacheHttpClient.getTaskTemplateInfo(350) - responseCode = 200
2020-07-24 03:24:43 INFO  ApacheHttpClient.getWebResourceAsStream(494) - responseCode = 200
2020-07-24 03:24:43 INFO  ApacheHttpClient.getWebResourceAsStream(494) - responseCode = 200
2020-07-24 03:24:49 INFO  ApacheHttpClient.sendEvent(527) - responseCode = 200
2020-07-24 03:25:49 INFO  ApacheHttpClient.sendEvent(527) - responseCode = 200
2020-07-24 03:26:49 INFO  ApacheHttpClient.sendEvent(527) - responseCode = 200
2020-07-24 03:27:45 INFO  ApacheHttpClient.getWebResourceAsStream(494) - responseCode = 200
2020-07-24 03:27:45 INFO  ApacheHttpClient.getWebResourceAsStream(494) - responseCode = 200
2020-07-24 03:27:45 INFO  ApacheHttpClient.getTask(480) - responseCode = 200
2020-07-24 03:27:47 INFO  ApacheHttpClient.completed(28) - responseCode = 200
2020-07-24 03:27:47 INFO  ApacheHttpClient.getTask(480) - responseCode = 200
2020-07-24 03:27:49 INFO  ApacheHttpClient.sendEvent(527) - responseCode = 200
2020-07-24 03:28:49 INFO  ApacheHttpClient.sendEvent(527) - responseCode = 200
2020-07-24 03:29:18 INFO  ApacheHttpClient.getWebResourceAsStream(494) - responseCode = 200
2020-07-24 03:29:18 INFO  ApacheHttpClient.getFilteredTasks(333) - responseCode = 200
2020-07-24 03:29:29 INFO  ApacheHttpClient.getTaskTemplateInfo(350) - responseCode = 200
2020-07-24 03:29:29 INFO  ApacheHttpClient.getWebResourceAsStream(494) - responseCode = 200
2020-07-24 03:29:49 INFO  ApacheHttpClient.sendEvent(527) - responseCode = 200
2020-07-24 03:30:48 INFO  ApacheHttpClient.getWebResourceAsStream(494) - responseCode = 200
2020-07-24 03:30:48 INFO  ApacheHttpClient.getTask(480) - responseCode = 200
2020-07-24 03:30:48 INFO  ApacheHttpClient.getWebResourceAsStream(494) - responseCode = 200
2020-07-24 03:30:49 INFO  ApacheHttpClient.completed(28) - responseCode = 200
2020-07-24 03:30:49 INFO  ApacheHttpClient.sendEvent(527) - responseCode = 200
2020-07-24 03:31:49 INFO  ApacheHttpClient.sendEvent(527) - responseCode = 200
2020-07-24 03:32:49 INFO  ApacheHttpClient.sendEvent(527) - responseCode = 200
2020-07-24 03:33:26 INFO  ApacheHttpClient.getWebResourceAsStream(494) - responseCode = 200
2020-07-24 03:33:27 INFO  ApacheHttpClient.getTask(480) - responseCode = 200
2020-07-24 03:33:27 INFO  ApacheHttpClient.getWebResourceAsStream(494) - responseCode = 200
2020-07-24 03:33:27 INFO  ApacheHttpClient.completed(28) - responseCode = 200
2020-07-24 03:33:27 INFO  ApacheHttpClient.getTask(480) - responseCode = 200
2020-07-24 03:33:45 INFO  ApacheHttpClient.getWebResourceAsStream(494) - responseCode = 200
2020-07-24 03:33:45 INFO  ApacheHttpClient.getFilteredTasks(333) - responseCode = 200
2020-07-24 03:33:49 INFO  ApacheHttpClient.sendEvent(527) - responseCode = 200
2020-07-24 03:33:52 INFO  ApacheHttpClient.getTaskTemplateInfo(350) - responseCode = 200
2020-07-24 03:33:53 INFO  ApacheHttpClient.getTaskTemplateInfo(350) - responseCode = 200
2020-07-24 03:33:53 INFO  ApacheHttpClient.getWebResourceAsStream(494) - responseCode = 200
2020-07-24 03:33:53 INFO  ApacheHttpClient.getWebResourceAsStream(494) - responseCode = 200
2020-07-24 03:34:49 INFO  ApacheHttpClient.sendEvent(527) - responseCode = 200
2020-07-24 03:35:49 INFO  ApacheHttpClient.sendEvent(527) - responseCode = 200
2020-07-24 03:36:49 INFO  ApacheHttpClient.sendEvent(527) - responseCode = 200
2020-07-24 03:37:32 INFO  ApacheHttpClient.getWebResourceAsStream(494) - responseCode = 200
2020-07-24 03:37:32 INFO  ApacheHttpClient.getTask(480) - responseCode = 200
2020-07-24 03:37:32 INFO  ApacheHttpClient.getWebResourceAsStream(494) - responseCode = 200
2020-07-24 03:37:33 INFO  ApacheHttpClient.completed(28) - responseCode = 200
2020-07-24 03:37:33 INFO  ApacheHttpClient.getTask(480) - responseCode = 200
2020-07-24 03:37:42 INFO  ApacheHttpClient.getWebResourceAsStream(494) - responseCode = 200
2020-07-24 03:37:42 INFO  ApacheHttpClient.getFilteredTasks(333) - responseCode = 200
2020-07-24 03:37:45 INFO  ApacheHttpClient.getTaskTemplateInfo(350) - responseCode = 200
2020-07-24 03:37:46 INFO  ApacheHttpClient.getWebResourceAsStream(494) - responseCode = 200
2020-07-24 03:37:49 INFO  ApacheHttpClient.sendEvent(527) - responseCode = 200
2020-07-24 03:38:49 INFO  ApacheHttpClient.sendEvent(527) - responseCode = 200
2020-07-24 03:38:49 INFO  ApacheHttpClient.sendEvent(527) - responseCode = 200
2020-07-24 03:39:49 INFO  ApacheHttpClient.sendEvent(527) - responseCode = 200
2020-07-24 03:39:49 INFO  ApacheHttpClient.sendEvent(527) - responseCode = 200
2020-07-24 03:40:11 INFO  ApacheHttpClient.getWebResourceAsStream(494) - responseCode = 200
2020-07-24 03:40:12 INFO  ApacheHttpClient.getWebResourceAsStream(494) - responseCode = 200
2020-07-24 03:40:12 INFO  ApacheHttpClient.getTask(480) - responseCode = 200
2020-07-24 03:40:12 INFO  ApacheHttpClient.completed(28) - responseCode = 200
2020-07-24 03:40:12 INFO  ApacheHttpClient.getTask(480) - responseCode = 200
2020-07-24 03:40:21 INFO  ApacheHttpClient.getWebResourceAsStream(494) - responseCode = 200
2020-07-24 03:40:21 INFO  ApacheHttpClient.getFilteredTasks(333) - responseCode = 200
2020-07-24 03:40:23 INFO  ApacheHttpClient.getTaskTemplateInfo(350) - responseCode = 200
2020-07-24 03:40:24 INFO  ApacheHttpClient.getWebResourceAsStream(494) - responseCode = 200
2020-07-24 03:40:49 INFO  ApacheHttpClient.sendEvent(527) - responseCode = 200
2020-07-24 03:40:58 INFO  ApacheHttpClient.getWebResourceAsStream(494) - responseCode = 200
2020-07-24 03:40:59 INFO  ApacheHttpClient.getFilteredTasks(333) - responseCode = 200
2020-07-24 03:41:49 INFO  ApacheHttpClient.sendEvent(527) - responseCode = 200
2020-07-24 03:42:49 INFO  ApacheHttpClient.sendEvent(527) - responseCode = 200
2020-07-24 03:43:49 INFO  ApacheHttpClient.sendEvent(527) - responseCode = 200
2020-07-24 03:44:35 INFO  ApacheHttpClient.getWebResourceAsStream(494) - responseCode = 200
2020-07-24 03:44:35 INFO  ApacheHttpClient.getWebResourceAsStream(494) - responseCode = 200
2020-07-24 03:44:35 INFO  ApacheHttpClient.getTask(480) - responseCode = 200
2020-07-24 03:44:35 INFO  ApacheHttpClient.completed(28) - responseCode = 200
2020-07-24 03:44:49 INFO  ApacheHttpClient.sendEvent(527) - responseCode = 200
2020-07-24 03:45:37 INFO  ApacheHttpClient.getWebResourceAsStream(494) - responseCode = 200
2020-07-24 03:45:38 INFO  ApacheHttpClient.getTask(480) - responseCode = 200
2020-07-24 03:45:38 INFO  ApacheHttpClient.getWebResourceAsStream(494) - responseCode = 200
2020-07-24 03:45:38 INFO  ApacheHttpClient.completed(28) - responseCode = 200
2020-07-24 03:45:38 INFO  ApacheHttpClient.getTask(480) - responseCode = 200
2020-07-24 03:45:49 INFO  ApacheHttpClient.sendEvent(527) - responseCode = 200
2020-07-24 03:46:43 INFO  ApacheHttpClient.getWebResourceAsStream(494) - responseCode = 200
2020-07-24 03:46:43 INFO  ApacheHttpClient.getFilteredTasks(333) - responseCode = 200
2020-07-24 03:46:45 INFO  ApacheHttpClient.getTaskTemplateInfo(350) - responseCode = 200
2020-07-24 03:46:45 INFO  ApacheHttpClient.getWebResourceAsStream(494) - responseCode = 200
2020-07-24 03:46:49 INFO  ApacheHttpClient.sendEvent(527) - responseCode = 200
2020-07-24 03:47:49 INFO  ApacheHttpClient.sendEvent(527) - responseCode = 200
2020-07-24 03:48:35 INFO  ApacheHttpClient.getWebResourceAsStream(494) - responseCode = 200
2020-07-24 03:48:35 INFO  ApacheHttpClient.getTask(480) - responseCode = 200
2020-07-24 03:48:35 INFO  ApacheHttpClient.getWebResourceAsStream(494) - responseCode = 200
2020-07-24 03:48:36 INFO  ApacheHttpClient.completed(28) - responseCode = 200
2020-07-24 03:48:36 INFO  ApacheHttpClient.getTask(480) - responseCode = 200
2020-07-24 03:48:49 INFO  ApacheHttpClient.sendEvent(527) - responseCode = 200
2020-07-24 03:49:49 INFO  ApacheHttpClient.sendEvent(527) - responseCode = 200
2020-07-24 03:50:49 INFO  ApacheHttpClient.sendEvent(527) - responseCode = 200
2020-07-24 03:51:49 INFO  ApacheHttpClient.sendEvent(527) - responseCode = 200
2020-07-24 03:52:49 INFO  ApacheHttpClient.sendEvent(527) - responseCode = 200
2020-07-24 03:53:49 INFO  ApacheHttpClient.sendEvent(527) - responseCode = 200
2020-07-24 03:54:49 INFO  ApacheHttpClient.sendEvent(527) - responseCode = 200
2020-07-24 03:55:49 INFO  ApacheHttpClient.sendEvent(527) - responseCode = 200
2020-07-24 03:56:49 INFO  ApacheHttpClient.sendEvent(527) - responseCode = 200
2020-07-24 03:57:49 INFO  ApacheHttpClient.sendEvent(527) - responseCode = 200
2020-07-24 03:58:49 INFO  ApacheHttpClient.sendEvent(527) - responseCode = 200
2020-07-24 03:59:49 INFO  ApacheHttpClient.sendEvent(527) - responseCode = 200
2020-07-24 04:00:49 INFO  ApacheHttpClient.sendEvent(527) - responseCode = 200
2020-07-24 04:00:57 INFO  PluginTasksProjectComponent.projectClosing(188) - ---------- Project closed ----------

2020-07-24 04:00:57 INFO  ApacheHttpClient.getTask(480) - responseCode = 200
2020-07-24 04:00:58 INFO  ApacheHttpClient.getTask(480) - responseCode = 200
2020-07-24 04:00:58 INFO  ApacheHttpClient.getTask(480) - responseCode = 200
2020-07-24 04:00:58 INFO  ApacheHttpClient.getTask(480) - responseCode = 200
2020-07-24 04:00:58 INFO  ApacheHttpClient.getTask(480) - responseCode = 200
2020-07-24 04:00:58 INFO  ApacheHttpClient.getTask(480) - responseCode = 200
2020-07-24 04:00:58 INFO  ApacheHttpClient.getTask(480) - responseCode = 200
2020-07-24 04:00:58 INFO  ApacheHttpClient.getTask(480) - responseCode = 200
2020-07-24 04:00:58 INFO  ApacheHttpClient.getTask(480) - responseCode = 200
2020-07-24 04:00:58 INFO  ApacheHttpClient.getTask(480) - responseCode = 200
2020-07-24 04:00:58 INFO  ApacheHttpClient.getTask(480) - responseCode = 200
2020-07-24 04:00:58 INFO  ApacheHttpClient.getTask(480) - responseCode = 200
2020-07-24 19:27:58 INFO  PluginTasksProjectComponent.projectOpened(77) - ---------- Project opened ----------
2020-07-24 19:27:58 INFO  PluginTasksProjectComponent.projectOpened(78) - ---------- Version 3.38 ----------

2020-07-24 19:27:58 INFO  PluginTasksProjectComponent.setAutoscrolls(366) - Autoscrolls successfully set
2020-07-24 19:27:58 INFO  ApacheHttpClient.createAsyncHttpClient(143) - 1 proxies selected. Type: DIRECT
2020-07-24 19:27:58 INFO  ApacheHttpClient.<init>(94) - ApacheHttpClient was successfully instantiated.
2020-07-24 19:27:58 INFO  ApacheHttpClient.testConnection(202) - responseCode = 200
2020-07-24 19:27:58 INFO  ApacheHttpClient.testConnection(217) - result = true
2020-07-24 19:27:58 INFO  ApacheHttpClient.isSessionAppropriateWithSecretKey(594) - Waiting for server response.
2020-07-24 19:27:59 INFO  ApacheHttpClient.refreshUserInfo(302) - responseCode = 200
2020-07-24 19:27:59 INFO  ApacheHttpClient.refreshUserInfo(308) - User information received.
2020-07-24 19:27:59 INFO  ApacheHttpClient.startGA(35) - GAService started.
2020-07-24 19:27:59 INFO  AbstractRestApiClient.startService(71) - EventsService started.
2020-07-24 19:28:01 INFO  ApacheHttpClient.getWebResourceAsStream(494) - responseCode = 200
2020-07-24 19:28:59 INFO  ApacheHttpClient.sendEvent(527) - responseCode = 200
2020-07-24 19:29:59 INFO  ApacheHttpClient.sendEvent(527) - responseCode = 200
2020-07-24 19:30:39 INFO  PluginTasksProjectComponent.projectClosing(188) - ---------- Project closed ----------

2020-07-24 19:30:39 INFO  ApacheHttpClient.getTask(480) - responseCode = 200
2020-07-24 19:30:53 INFO  PluginTasksProjectComponent.projectOpened(77) - ---------- Project opened ----------
2020-07-24 19:30:53 INFO  PluginTasksProjectComponent.projectOpened(78) - ---------- Version 3.38 ----------

2020-07-24 19:30:53 INFO  ApacheHttpClient.createAsyncHttpClient(143) - 1 proxies selected. Type: DIRECT
2020-07-24 19:30:53 INFO  ApacheHttpClient.<init>(94) - ApacheHttpClient was successfully instantiated.
2020-07-24 19:30:53 INFO  ApacheHttpClient.testConnection(202) - responseCode = 200
2020-07-24 19:30:53 INFO  ApacheHttpClient.testConnection(217) - result = true
2020-07-24 19:30:53 INFO  ApacheHttpClient.isSessionAppropriateWithSecretKey(594) - Waiting for server response.
2020-07-24 19:30:53 INFO  ApacheHttpClient.refreshUserInfo(302) - responseCode = 200
2020-07-24 19:30:53 INFO  ApacheHttpClient.refreshUserInfo(308) - User information received.
2020-07-24 19:30:53 INFO  ApacheHttpClient.startGA(35) - GAService started.
2020-07-24 19:30:53 INFO  AbstractRestApiClient.startService(71) - EventsService started.
2020-07-24 19:30:55 INFO  ApacheHttpClient.getWebResourceAsStream(494) - responseCode = 200
2020-07-24 19:30:59 INFO  PluginTasksProjectComponent.projectClosing(188) - ---------- Project closed ----------

2020-07-24 19:30:59 INFO  ApacheHttpClient.getTask(480) - responseCode = 200
2020-09-09 21:35:05 INFO  PluginTasksProjectComponent.projectOpened(86) - ---------- Project opened ----------
2020-09-09 21:35:05 INFO  PluginTasksProjectComponent.projectOpened(87) - ---------- Version 3.42 ----------

2020-09-09 21:35:05 INFO  ApacheHttpClient.createAsyncHttpClient(143) - 1 proxies selected. Type: DIRECT
2020-09-09 21:35:05 INFO  ApacheHttpClient.<init>(94) - ApacheHttpClient was successfully instantiated.
2020-09-09 21:35:05 INFO  ApacheHttpClient.testConnection(202) - responseCode = 200
2020-09-09 21:35:05 INFO  ApacheHttpClient.testConnection(217) - result = true
2020-09-09 21:35:05 INFO  ApacheHttpClient.isSessionAppropriateWithSecretKey(594) - Waiting for server response.
2020-09-09 21:35:06 INFO  ApacheHttpClient.refreshUserInfo(302) - responseCode = 200
2020-09-09 21:35:06 INFO  ApacheHttpClient.refreshUserInfo(308) - User information received.
2020-09-09 21:35:06 INFO  ApacheHttpClient.startGA(35) - GAService started.
2020-09-09 21:35:06 INFO  AbstractRestApiClient.startService(71) - EventsService started.
2020-09-09 21:35:11 INFO  ApacheHttpClient.getWebResourceAsStream(494) - responseCode = 200
2020-09-09 21:35:12 INFO  ApacheHttpClient.getFilteredTasks(333) - responseCode = 200
2020-09-09 21:35:17 INFO  ApacheHttpClient.getTaskTemplateInfo(350) - responseCode = 200
2020-09-09 21:36:06 INFO  ApacheHttpClient.sendEvent(527) - responseCode = 200
2020-09-09 21:36:06 INFO  ApacheHttpClient.sendEvent(527) - responseCode = 200
2020-09-09 21:37:06 INFO  ApacheHttpClient.sendEvent(527) - responseCode = 200
2020-09-09 21:38:06 INFO  ApacheHttpClient.sendEvent(527) - responseCode = 200
2020-09-09 21:39:06 INFO  ApacheHttpClient.sendEvent(527) - responseCode = 200
2020-09-09 21:40:06 INFO  ApacheHttpClient.sendEvent(527) - responseCode = 200
2020-09-09 21:40:20 INFO  ApacheHttpClient.getWebResourceAsStream(494) - responseCode = 200
2020-09-09 21:40:20 INFO  ApacheHttpClient.getTask(480) - responseCode = 200
2020-09-09 21:40:21 INFO  ApacheHttpClient.completed(28) - responseCode = 200
2020-09-09 21:40:51 INFO  ApacheHttpClient.getWebResourceAsStream(494) - responseCode = 200
2020-09-09 21:40:51 INFO  ApacheHttpClient.getTask(480) - responseCode = 200
2020-09-09 21:40:52 INFO  ApacheHttpClient.completed(28) - responseCode = 200
2020-09-09 21:40:52 INFO  ApacheHttpClient.getTask(480) - responseCode = 200
2020-09-09 21:41:04 INFO  ApacheHttpClient.getWebResourceAsStream(494) - responseCode = 200
2020-09-09 21:41:05 INFO  ApacheHttpClient.getFilteredTasks(333) - responseCode = 200
2020-09-09 21:41:06 INFO  ApacheHttpClient.sendEvent(527) - responseCode = 200
2020-09-09 21:41:07 INFO  ApacheHttpClient.getTaskTemplateInfo(350) - responseCode = 200
2020-09-09 21:42:06 INFO  ApacheHttpClient.sendEvent(527) - responseCode = 200
2020-09-09 21:42:06 INFO  ApacheHttpClient.sendEvent(527) - responseCode = 200
2020-09-09 21:42:06 INFO  ApacheHttpClient.sendEvent(527) - responseCode = 200
2020-09-09 21:43:06 INFO  ApacheHttpClient.sendEvent(527) - responseCode = 200
2020-09-09 21:43:06 INFO  ApacheHttpClient.sendEvent(527) - responseCode = 200
2020-09-09 21:43:06 INFO  ApacheHttpClient.sendEvent(527) - responseCode = 200
2020-09-09 21:43:06 INFO  ApacheHttpClient.sendEvent(527) - responseCode = 200
2020-09-09 21:43:06 INFO  ApacheHttpClient.sendEvent(527) - responseCode = 200
2020-09-09 21:43:06 INFO  ApacheHttpClient.sendEvent(527) - responseCode = 200
2020-09-09 21:43:06 INFO  ApacheHttpClient.sendEvent(527) - responseCode = 200
2020-09-09 21:43:06 INFO  ApacheHttpClient.sendEvent(527) - responseCode = 200
2020-09-09 21:43:06 INFO  ApacheHttpClient.sendEvent(527) - responseCode = 200
2020-09-09 21:43:06 INFO  ApacheHttpClient.sendEvent(527) - responseCode = 200
2020-09-09 21:44:06 INFO  ApacheHttpClient.sendEvent(527) - responseCode = 200
2020-09-09 21:44:06 INFO  ApacheHttpClient.sendEvent(527) - responseCode = 200
2020-09-09 21:44:26 INFO  ApacheHttpClient.getWebResourceAsStream(494) - responseCode = 200
2020-09-09 21:44:26 INFO  ApacheHttpClient.getFilteredTasks(333) - responseCode = 200
2020-09-09 21:44:35 INFO  ApacheHttpClient.getWebResourceAsStream(494) - responseCode = 200
2020-09-09 21:44:36 INFO  ApacheHttpClient.getFilteredTasks(333) - responseCode = 200
2020-09-09 21:44:51 INFO  ApacheHttpClient.getTaskTemplateInfo(350) - responseCode = 200
2020-09-09 21:45:05 INFO  ApacheHttpClient.getWebResourceAsStream(494) - responseCode = 200
2020-09-09 21:45:06 INFO  ApacheHttpClient.getFilteredTasks(333) - responseCode = 200
2020-09-09 21:45:06 INFO  ApacheHttpClient.sendEvent(527) - responseCode = 200
2020-09-09 21:45:06 INFO  ApacheHttpClient.sendEvent(527) - responseCode = 200
2020-09-09 21:46:06 INFO  ApacheHttpClient.sendEvent(527) - responseCode = 200
2020-09-09 21:46:06 INFO  ApacheHttpClient.sendEvent(527) - responseCode = 200
2020-09-09 21:47:06 INFO  ApacheHttpClient.sendEvent(527) - responseCode = 200
2020-09-09 21:47:06 INFO  ApacheHttpClient.sendEvent(527) - responseCode = 200
2020-09-09 21:47:06 INFO  ApacheHttpClient.sendEvent(527) - responseCode = 200
2020-09-09 21:48:06 INFO  ApacheHttpClient.sendEvent(527) - responseCode = 200
2020-09-09 21:48:06 INFO  ApacheHttpClient.sendEvent(527) - responseCode = 200
2020-09-09 21:48:06 INFO  ApacheHttpClient.sendEvent(527) - responseCode = 200
2020-09-09 21:49:06 INFO  ApacheHttpClient.sendEvent(527) - responseCode = 200
2020-09-09 21:50:06 INFO  ApacheHttpClient.sendEvent(527) - responseCode = 200
2020-09-09 21:51:06 INFO  ApacheHttpClient.sendEvent(527) - responseCode = 200
2020-09-09 21:51:23 INFO  ApacheHttpClient.getWebResourceAsStream(494) - responseCode = 200
2020-09-09 21:51:23 INFO  ApacheHttpClient.getTask(480) - responseCode = 200
2020-09-09 21:51:24 INFO  ApacheHttpClient.completed(28) - responseCode = 200
2020-09-09 21:51:24 INFO  ApacheHttpClient.getTask(480) - responseCode = 200
2020-09-09 21:51:34 INFO  ApacheHttpClient.getWebResourceAsStream(494) - responseCode = 200
2020-09-09 21:51:35 INFO  ApacheHttpClient.getFilteredTasks(333) - responseCode = 200
2020-09-09 21:51:38 INFO  ApacheHttpClient.getTaskTemplateInfo(350) - responseCode = 200
2020-09-09 21:52:06 INFO  ApacheHttpClient.sendEvent(527) - responseCode = 200
2020-09-09 21:53:06 INFO  ApacheHttpClient.sendEvent(527) - responseCode = 200
2020-09-09 21:54:06 INFO  ApacheHttpClient.sendEvent(527) - responseCode = 200
2020-09-09 21:55:06 INFO  ApacheHttpClient.sendEvent(527) - responseCode = 200
2020-09-09 21:55:48 INFO  ApacheHttpClient.getWebResourceAsStream(494) - responseCode = 200
2020-09-09 21:55:48 INFO  ApacheHttpClient.getTask(480) - responseCode = 200
2020-09-09 21:55:49 INFO  ApacheHttpClient.completed(28) - responseCode = 200
2020-09-09 21:55:49 INFO  ApacheHttpClient.getTask(480) - responseCode = 200
2020-09-09 21:56:06 INFO  ApacheHttpClient.sendEvent(527) - responseCode = 200
2020-09-09 21:56:12 INFO  ApacheHttpClient.getWebResourceAsStream(494) - responseCode = 200
2020-09-09 21:56:13 INFO  ApacheHttpClient.getFilteredTasks(333) - responseCode = 200
2020-09-09 21:56:16 INFO  ApacheHttpClient.getTaskTemplateInfo(350) - responseCode = 200
2020-09-09 21:56:20 INFO  ApacheHttpClient.getWebResourceAsStream(494) - responseCode = 200
2020-09-09 21:56:21 INFO  ApacheHttpClient.getFilteredTasks(333) - responseCode = 200
2020-09-09 21:57:06 INFO  ApacheHttpClient.sendEvent(527) - responseCode = 200
2020-09-09 21:57:06 INFO  ApacheHttpClient.sendEvent(527) - responseCode = 200
2020-09-09 21:58:06 INFO  ApacheHttpClient.sendEvent(527) - responseCode = 200
2020-09-09 21:59:06 INFO  ApacheHttpClient.sendEvent(527) - responseCode = 200
2020-09-09 22:00:06 INFO  ApacheHttpClient.sendEvent(527) - responseCode = 200
2020-09-09 22:01:06 INFO  ApacheHttpClient.sendEvent(527) - responseCode = 200
2020-09-09 22:02:06 INFO  ApacheHttpClient.sendEvent(527) - responseCode = 200
2020-09-09 22:03:06 INFO  ApacheHttpClient.sendEvent(527) - responseCode = 200
2020-09-09 22:03:06 INFO  ApacheHttpClient.sendEvent(527) - responseCode = 200
2020-09-09 22:03:06 INFO  ApacheHttpClient.sendEvent(527) - responseCode = 200
2020-09-09 22:04:06 INFO  ApacheHttpClient.sendEvent(527) - responseCode = 200
2020-09-09 22:04:06 INFO  ApacheHttpClient.sendEvent(527) - responseCode = 200
2020-09-09 22:04:06 INFO  ApacheHttpClient.sendEvent(527) - responseCode = 200
2020-09-09 22:04:11 INFO  ApacheHttpClient.getWebResourceAsStream(494) - responseCode = 200
2020-09-09 22:04:11 INFO  ApacheHttpClient.getTask(480) - responseCode = 200
2020-09-09 22:04:12 INFO  ApacheHttpClient.completed(28) - responseCode = 200
2020-09-09 22:04:12 INFO  ApacheHttpClient.getTask(480) - responseCode = 200
2020-09-09 22:04:17 INFO  ApacheHttpClient.getWebResourceAsStream(494) - responseCode = 200
2020-09-09 22:04:18 INFO  ApacheHttpClient.getFilteredTasks(333) - responseCode = 200
2020-09-09 22:05:06 INFO  ApacheHttpClient.sendEvent(527) - responseCode = 200
2020-09-09 22:05:06 INFO  ApacheHttpClient.sendEvent(527) - responseCode = 200
2020-09-09 22:05:06 INFO  ApacheHttpClient.sendEvent(527) - responseCode = 200
2020-09-09 22:06:06 INFO  ApacheHttpClient.sendEvent(527) - responseCode = 200
2020-09-09 22:06:06 INFO  ApacheHttpClient.sendEvent(527) - responseCode = 200
2020-09-09 22:06:06 INFO  ApacheHttpClient.sendEvent(527) - responseCode = 200
2020-09-09 22:07:06 INFO  ApacheHttpClient.sendEvent(527) - responseCode = 200
2020-09-09 22:07:06 INFO  ApacheHttpClient.sendEvent(527) - responseCode = 200
2020-09-09 22:07:06 INFO  ApacheHttpClient.sendEvent(527) - responseCode = 200
2020-09-09 22:08:06 INFO  ApacheHttpClient.getWebResourceAsStream(494) - responseCode = 200
2020-09-09 22:08:06 INFO  ApacheHttpClient.sendEvent(527) - responseCode = 200
2020-09-09 22:08:06 INFO  ApacheHttpClient.sendEvent(527) - responseCode = 200
2020-09-09 22:08:06 INFO  ApacheHttpClient.sendEvent(527) - responseCode = 200
2020-09-09 22:08:07 INFO  ApacheHttpClient.getFilteredTasks(333) - responseCode = 200
2020-09-09 22:09:06 INFO  ApacheHttpClient.sendEvent(527) - responseCode = 200
2020-09-09 22:09:06 INFO  ApacheHttpClient.sendEvent(527) - responseCode = 200
2020-09-09 22:09:06 INFO  ApacheHttpClient.sendEvent(527) - responseCode = 200
2020-09-09 22:10:06 INFO  ApacheHttpClient.sendEvent(527) - responseCode = 200
2020-09-09 22:10:06 INFO  ApacheHttpClient.sendEvent(527) - responseCode = 200
2020-09-09 22:10:06 INFO  ApacheHttpClient.sendEvent(527) - responseCode = 200
2020-09-09 22:11:06 INFO  ApacheHttpClient.sendEvent(527) - responseCode = 200
2020-09-09 22:11:06 INFO  ApacheHttpClient.sendEvent(527) - responseCode = 200
2020-09-09 22:11:06 INFO  ApacheHttpClient.sendEvent(527) - responseCode = 200
2020-09-09 22:12:06 INFO  ApacheHttpClient.sendEvent(527) - responseCode = 200
2020-09-09 22:12:06 INFO  ApacheHttpClient.sendEvent(527) - responseCode = 200
2020-09-09 22:12:06 INFO  ApacheHttpClient.sendEvent(527) - responseCode = 200
2020-09-09 22:13:06 INFO  ApacheHttpClient.sendEvent(527) - responseCode = 200
2020-09-09 22:13:06 INFO  ApacheHttpClient.sendEvent(527) - responseCode = 200
2020-09-09 22:13:06 INFO  ApacheHttpClient.sendEvent(527) - responseCode = 200
2020-09-09 22:14:06 INFO  ApacheHttpClient.sendEvent(527) - responseCode = 200
2020-09-09 22:15:06 INFO  ApacheHttpClient.sendEvent(527) - responseCode = 200
2020-09-09 22:16:06 INFO  ApacheHttpClient.sendEvent(527) - responseCode = 200
2020-09-09 22:17:06 INFO  ApacheHttpClient.sendEvent(527) - responseCode = 200
2020-09-09 22:18:06 INFO  ApacheHttpClient.sendEvent(527) - responseCode = 200
2020-09-09 22:19:06 INFO  ApacheHttpClient.sendEvent(527) - responseCode = 200
2020-09-09 22:20:06 INFO  ApacheHttpClient.sendEvent(527) - responseCode = 200
2020-09-09 22:21:06 INFO  ApacheHttpClient.sendEvent(527) - responseCode = 200
2020-09-09 22:22:06 INFO  ApacheHttpClient.sendEvent(527) - responseCode = 200
2020-09-09 22:23:06 INFO  ApacheHttpClient.sendEvent(527) - responseCode = 200
2020-09-09 22:24:06 INFO  ApacheHttpClient.sendEvent(527) - responseCode = 200
2020-09-09 22:25:06 INFO  ApacheHttpClient.sendEvent(527) - responseCode = 200
2020-09-09 22:26:06 INFO  ApacheHttpClient.sendEvent(527) - responseCode = 200
2020-09-09 22:27:06 INFO  ApacheHttpClient.sendEvent(527) - responseCode = 200
2020-09-09 22:28:06 INFO  ApacheHttpClient.sendEvent(527) - responseCode = 200
2020-09-09 22:29:06 INFO  ApacheHttpClient.sendEvent(527) - responseCode = 200
2020-09-09 22:30:06 INFO  ApacheHttpClient.sendEvent(527) - responseCode = 200
2020-09-09 22:31:06 INFO  ApacheHttpClient.sendEvent(527) - responseCode = 200
2020-09-09 22:32:06 INFO  ApacheHttpClient.sendEvent(527) - responseCode = 200
2020-09-09 22:33:06 INFO  ApacheHttpClient.sendEvent(527) - responseCode = 200
2020-09-09 22:34:06 INFO  ApacheHttpClient.sendEvent(527) - responseCode = 200
2020-09-09 22:35:06 INFO  ApacheHttpClient.sendEvent(527) - responseCode = 200
2020-09-09 22:36:06 INFO  ApacheHttpClient.sendEvent(527) - responseCode = 200
2020-09-09 22:37:06 INFO  ApacheHttpClient.sendEvent(527) - responseCode = 200
2020-09-09 22:38:06 INFO  ApacheHttpClient.sendEvent(527) - responseCode = 200
2020-09-09 22:39:06 INFO  ApacheHttpClient.sendEvent(527) - responseCode = 200
2020-09-09 22:40:06 INFO  ApacheHttpClient.sendEvent(527) - responseCode = 200
2020-09-09 22:41:06 INFO  ApacheHttpClient.sendEvent(527) - responseCode = 200
2020-09-09 22:42:06 INFO  ApacheHttpClient.sendEvent(527) - responseCode = 200
2020-09-09 22:43:06 INFO  ApacheHttpClient.sendEvent(527) - responseCode = 200
2020-09-09 22:44:06 INFO  ApacheHttpClient.sendEvent(527) - responseCode = 200
2020-09-09 22:45:06 INFO  ApacheHttpClient.sendEvent(527) - responseCode = 200
2020-09-09 22:46:06 INFO  ApacheHttpClient.sendEvent(527) - responseCode = 200
2020-09-09 22:47:06 INFO  ApacheHttpClient.sendEvent(527) - responseCode = 200
2020-09-09 22:48:06 INFO  ApacheHttpClient.sendEvent(527) - responseCode = 200
2020-09-09 22:49:06 INFO  ApacheHttpClient.sendEvent(527) - responseCode = 200
2020-09-09 22:50:06 INFO  ApacheHttpClient.sendEvent(527) - responseCode = 200
2020-09-09 22:51:06 INFO  ApacheHttpClient.sendEvent(527) - responseCode = 200
2020-09-09 22:52:06 INFO  ApacheHttpClient.sendEvent(527) - responseCode = 200
2020-09-09 22:53:06 INFO  ApacheHttpClient.sendEvent(527) - responseCode = 200
2020-09-09 22:54:06 INFO  ApacheHttpClient.sendEvent(527) - responseCode = 200
2020-09-09 22:55:06 INFO  ApacheHttpClient.sendEvent(527) - responseCode = 200
2020-09-09 22:56:06 INFO  ApacheHttpClient.sendEvent(527) - responseCode = 200
2020-09-09 22:57:06 INFO  ApacheHttpClient.sendEvent(527) - responseCode = 200
2020-09-09 22:58:06 INFO  ApacheHttpClient.sendEvent(527) - responseCode = 200
2020-09-09 22:59:06 INFO  ApacheHttpClient.sendEvent(527) - responseCode = 200
2020-09-09 23:00:06 INFO  ApacheHttpClient.sendEvent(527) - responseCode = 200
2020-09-09 23:01:06 INFO  ApacheHttpClient.sendEvent(527) - responseCode = 200
2020-09-09 23:02:06 INFO  ApacheHttpClient.sendEvent(527) - responseCode = 200
2020-09-09 23:03:06 INFO  ApacheHttpClient.sendEvent(527) - responseCode = 200
2020-09-09 23:04:06 INFO  ApacheHttpClient.sendEvent(527) - responseCode = 200
2020-09-09 23:05:06 INFO  ApacheHttpClient.sendEvent(527) - responseCode = 200
2020-09-09 23:06:06 INFO  ApacheHttpClient.sendEvent(527) - responseCode = 200
2020-09-09 23:07:06 INFO  ApacheHttpClient.sendEvent(527) - responseCode = 200
2020-09-09 23:08:06 INFO  ApacheHttpClient.sendEvent(527) - responseCode = 200
2020-09-09 23:09:06 INFO  ApacheHttpClient.sendEvent(527) - responseCode = 200
2020-09-09 23:10:06 INFO  ApacheHttpClient.sendEvent(527) - responseCode = 200
2020-09-09 23:11:07 INFO  ApacheHttpClient.sendEvent(527) - responseCode = 200
2020-09-09 23:12:06 INFO  ApacheHttpClient.sendEvent(527) - responseCode = 200
2020-09-09 23:13:06 INFO  ApacheHttpClient.sendEvent(527) - responseCode = 200
2020-09-09 23:14:06 INFO  ApacheHttpClient.sendEvent(527) - responseCode = 200
2020-09-09 23:15:06 INFO  ApacheHttpClient.sendEvent(527) - responseCode = 200
2020-09-09 23:16:06 INFO  ApacheHttpClient.sendEvent(527) - responseCode = 200
2020-09-09 23:17:06 INFO  ApacheHttpClient.sendEvent(527) - responseCode = 200
2020-09-09 23:18:06 INFO  ApacheHttpClient.sendEvent(527) - responseCode = 200
2020-09-09 23:19:06 INFO  ApacheHttpClient.sendEvent(527) - responseCode = 200
2020-09-09 23:20:06 INFO  ApacheHttpClient.sendEvent(527) - responseCode = 200
2020-09-09 23:21:06 INFO  ApacheHttpClient.sendEvent(527) - responseCode = 200
2020-09-09 23:22:06 INFO  ApacheHttpClient.sendEvent(527) - responseCode = 200
2020-09-09 23:23:06 INFO  ApacheHttpClient.sendEvent(527) - responseCode = 200
2020-09-09 23:24:06 INFO  ApacheHttpClient.sendEvent(527) - responseCode = 200
2020-09-09 23:25:06 INFO  ApacheHttpClient.sendEvent(527) - responseCode = 200
2020-09-09 23:26:06 INFO  ApacheHttpClient.sendEvent(527) - responseCode = 200
2020-09-09 23:27:06 INFO  ApacheHttpClient.sendEvent(527) - responseCode = 200
2020-09-09 23:28:06 INFO  ApacheHttpClient.sendEvent(527) - responseCode = 200
2020-09-09 23:29:06 INFO  ApacheHttpClient.sendEvent(527) - responseCode = 200
2020-09-09 23:30:06 INFO  ApacheHttpClient.sendEvent(527) - responseCode = 200
2020-09-09 23:31:06 INFO  ApacheHttpClient.sendEvent(527) - responseCode = 200
2020-09-09 23:32:06 INFO  ApacheHttpClient.sendEvent(527) - responseCode = 200
2020-09-09 23:33:06 INFO  ApacheHttpClient.sendEvent(527) - responseCode = 200
2020-09-09 23:34:06 INFO  ApacheHttpClient.sendEvent(527) - responseCode = 200
2020-09-09 23:35:06 INFO  ApacheHttpClient.sendEvent(527) - responseCode = 200
2020-09-09 23:36:06 INFO  ApacheHttpClient.sendEvent(527) - responseCode = 200
2020-09-09 23:37:06 INFO  ApacheHttpClient.sendEvent(527) - responseCode = 200
2020-09-09 23:38:06 INFO  ApacheHttpClient.sendEvent(527) - responseCode = 200
2020-09-09 23:39:06 INFO  ApacheHttpClient.sendEvent(527) - responseCode = 200
2020-09-09 23:40:06 INFO  ApacheHttpClient.sendEvent(527) - responseCode = 200
2020-09-09 23:41:06 INFO  ApacheHttpClient.sendEvent(527) - responseCode = 200
2020-09-09 23:42:06 INFO  ApacheHttpClient.sendEvent(527) - responseCode = 200
2020-09-09 23:43:06 INFO  ApacheHttpClient.sendEvent(527) - responseCode = 200
2020-09-09 23:44:06 INFO  ApacheHttpClient.sendEvent(527) - responseCode = 200
2020-09-09 23:45:06 INFO  ApacheHttpClient.sendEvent(527) - responseCode = 200
2020-09-09 23:46:06 INFO  ApacheHttpClient.sendEvent(527) - responseCode = 200
2020-09-09 23:47:06 INFO  ApacheHttpClient.sendEvent(527) - responseCode = 200
2020-09-09 23:48:06 INFO  ApacheHttpClient.sendEvent(527) - responseCode = 200
2020-09-09 23:49:06 INFO  ApacheHttpClient.sendEvent(527) - responseCode = 200
2020-09-09 23:50:06 INFO  ApacheHttpClient.sendEvent(527) - responseCode = 200
2020-09-09 23:51:06 INFO  ApacheHttpClient.sendEvent(527) - responseCode = 200
2020-09-09 23:52:06 INFO  ApacheHttpClient.sendEvent(527) - responseCode = 200
2020-09-09 23:53:06 INFO  ApacheHttpClient.sendEvent(527) - responseCode = 200
2020-09-09 23:54:06 INFO  ApacheHttpClient.sendEvent(527) - responseCode = 200
2020-09-09 23:55:06 INFO  ApacheHttpClient.sendEvent(527) - responseCode = 200
2020-09-09 23:56:06 INFO  ApacheHttpClient.sendEvent(527) - responseCode = 200
2020-09-09 23:57:06 INFO  ApacheHttpClient.sendEvent(527) - responseCode = 200
2020-09-09 23:58:06 INFO  ApacheHttpClient.sendEvent(527) - responseCode = 200
2020-09-09 23:59:06 INFO  ApacheHttpClient.sendEvent(527) - responseCode = 200
2020-09-10 00:00:06 INFO  ApacheHttpClient.sendEvent(527) - responseCode = 200
2020-09-10 00:01:06 INFO  ApacheHttpClient.sendEvent(527) - responseCode = 200
2020-09-10 00:02:06 INFO  ApacheHttpClient.sendEvent(527) - responseCode = 200
2020-09-10 00:03:06 INFO  ApacheHttpClient.sendEvent(527) - responseCode = 200
2020-09-10 00:04:06 INFO  ApacheHttpClient.sendEvent(527) - responseCode = 200
2020-09-10 00:05:06 INFO  ApacheHttpClient.sendEvent(527) - responseCode = 200
2020-09-10 00:06:06 INFO  ApacheHttpClient.sendEvent(527) - responseCode = 200
2020-09-10 00:07:06 INFO  ApacheHttpClient.sendEvent(527) - responseCode = 200
2020-09-10 00:08:06 INFO  ApacheHttpClient.sendEvent(527) - responseCode = 200
2020-09-10 00:09:06 INFO  ApacheHttpClient.sendEvent(527) - responseCode = 200
2020-09-10 00:10:06 INFO  ApacheHttpClient.sendEvent(527) - responseCode = 200
2020-09-10 00:11:06 INFO  ApacheHttpClient.sendEvent(527) - responseCode = 200
2020-09-10 00:12:06 INFO  ApacheHttpClient.sendEvent(527) - responseCode = 200
2020-09-10 00:13:06 INFO  ApacheHttpClient.sendEvent(527) - responseCode = 200
2020-09-10 00:14:06 INFO  ApacheHttpClient.sendEvent(527) - responseCode = 200
2020-09-10 00:15:06 INFO  ApacheHttpClient.sendEvent(527) - responseCode = 200
2020-09-10 00:16:06 INFO  ApacheHttpClient.sendEvent(527) - responseCode = 200
2020-09-10 00:17:06 INFO  ApacheHttpClient.sendEvent(527) - responseCode = 200
2020-09-10 00:18:06 INFO  ApacheHttpClient.sendEvent(527) - responseCode = 200
2020-09-10 00:19:06 INFO  ApacheHttpClient.sendEvent(527) - responseCode = 200
2020-09-10 00:20:06 INFO  ApacheHttpClient.sendEvent(527) - responseCode = 200
2020-09-10 00:21:06 INFO  ApacheHttpClient.sendEvent(527) - responseCode = 200
2020-09-10 00:22:06 INFO  ApacheHttpClient.sendEvent(527) - responseCode = 200
2020-09-10 00:23:06 INFO  ApacheHttpClient.sendEvent(527) - responseCode = 200
2020-09-10 00:24:06 INFO  ApacheHttpClient.sendEvent(527) - responseCode = 200
2020-09-10 00:25:06 INFO  ApacheHttpClient.sendEvent(527) - responseCode = 200
2020-09-10 00:26:06 INFO  ApacheHttpClient.sendEvent(527) - responseCode = 200
2020-09-10 00:27:06 INFO  ApacheHttpClient.sendEvent(527) - responseCode = 200
2020-09-10 00:28:06 INFO  ApacheHttpClient.sendEvent(527) - responseCode = 200
2020-09-10 00:29:06 INFO  ApacheHttpClient.sendEvent(527) - responseCode = 200
2020-09-10 00:30:06 INFO  ApacheHttpClient.sendEvent(527) - responseCode = 200
2020-09-10 00:31:06 INFO  ApacheHttpClient.sendEvent(527) - responseCode = 200
2020-09-10 00:32:06 INFO  ApacheHttpClient.sendEvent(527) - responseCode = 200
2020-09-10 00:33:06 INFO  ApacheHttpClient.sendEvent(527) - responseCode = 200
2020-09-10 00:34:06 INFO  ApacheHttpClient.sendEvent(527) - responseCode = 200
2020-09-10 00:35:06 INFO  ApacheHttpClient.sendEvent(527) - responseCode = 200
2020-09-10 00:36:06 INFO  ApacheHttpClient.sendEvent(527) - responseCode = 200
2020-09-10 00:37:06 INFO  ApacheHttpClient.sendEvent(527) - responseCode = 200
2020-09-10 00:38:06 INFO  ApacheHttpClient.sendEvent(527) - responseCode = 200
2020-09-10 00:39:06 INFO  ApacheHttpClient.sendEvent(527) - responseCode = 200
2020-09-10 00:40:06 INFO  ApacheHttpClient.sendEvent(527) - responseCode = 200
2020-09-10 00:41:06 INFO  ApacheHttpClient.sendEvent(527) - responseCode = 200
2020-09-10 00:42:06 INFO  ApacheHttpClient.sendEvent(527) - responseCode = 200
2020-09-10 00:43:06 INFO  ApacheHttpClient.sendEvent(527) - responseCode = 200
2020-09-10 00:44:06 INFO  ApacheHttpClient.sendEvent(527) - responseCode = 200
2020-09-10 00:45:06 INFO  ApacheHttpClient.sendEvent(527) - responseCode = 200
2020-09-10 00:46:06 INFO  ApacheHttpClient.sendEvent(527) - responseCode = 200
2020-09-10 00:47:06 INFO  ApacheHttpClient.sendEvent(527) - responseCode = 200
2020-09-10 00:48:06 INFO  ApacheHttpClient.sendEvent(527) - responseCode = 200
2020-09-10 00:49:06 INFO  ApacheHttpClient.sendEvent(527) - responseCode = 200
2020-09-10 00:50:06 INFO  ApacheHttpClient.sendEvent(527) - responseCode = 200
2020-09-10 00:50:12 INFO  PluginTasksProjectComponent.projectClosing(197) - ---------- Project closed ----------

2020-09-10 00:50:12 INFO  ApacheHttpClient.getTask(480) - responseCode = 200
2020-09-10 00:50:12 INFO  ApacheHttpClient.getTask(480) - responseCode = 200
2020-09-10 00:50:12 INFO  ApacheHttpClient.getTask(480) - responseCode = 200
2020-09-10 00:50:12 INFO  ApacheHttpClient.getTask(480) - responseCode = 200
2020-09-10 00:50:12 INFO  ApacheHttpClient.getTask(480) - responseCode = 200
2020-09-10 00:50:13 INFO  ApacheHttpClient.getTask(480) - responseCode = 200
2020-09-10 00:50:13 INFO  ApacheHttpClient.getTask(480) - responseCode = 200
2020-09-10 00:50:13 INFO  ApacheHttpClient.getTask(480) - responseCode = 200
2020-09-10 00:50:13 INFO  ApacheHttpClient.getTask(480) - responseCode = 200
2020-09-10 00:50:13 INFO  ApacheHttpClient.getTask(480) - responseCode = 200
2020-09-10 00:50:13 INFO  ApacheHttpClient.getTask(480) - responseCode = 200
2020-09-10 00:50:13 INFO  ApacheHttpClient.getTask(480) - responseCode = 200
2020-09-10 00:50:13 INFO  ApacheHttpClient.getTask(480) - responseCode = 200
2020-09-10 00:50:13 INFO  ApacheHttpClient.getTask(480) - responseCode = 200
2020-09-10 00:50:13 INFO  ApacheHttpClient.getTask(480) - responseCode = 200
2020-09-10 00:50:13 INFO  ApacheHttpClient.getTask(480) - responseCode = 200
2020-09-10 05:01:49 INFO  PluginTasksProjectComponent.projectOpened(86) - ---------- Project opened ----------
2020-09-10 05:01:49 INFO  PluginTasksProjectComponent.projectOpened(87) - ---------- Version 3.42 ----------

2020-09-10 05:01:49 INFO  ApacheHttpClient.createAsyncHttpClient(143) - 1 proxies selected. Type: DIRECT
2020-09-10 05:01:49 INFO  ApacheHttpClient.<init>(94) - ApacheHttpClient was successfully instantiated.
2020-09-10 05:01:49 INFO  ApacheHttpClient.testConnection(202) - responseCode = 200
2020-09-10 05:01:49 INFO  ApacheHttpClient.testConnection(217) - result = true
2020-09-10 05:01:49 INFO  ApacheHttpClient.isSessionAppropriateWithSecretKey(594) - Waiting for server response.
2020-09-10 05:01:50 INFO  ApacheHttpClient.refreshUserInfo(302) - responseCode = 200
2020-09-10 05:01:50 INFO  ApacheHttpClient.refreshUserInfo(308) - User information received.
2020-09-10 05:01:50 INFO  ApacheHttpClient.startGA(35) - GAService started.
2020-09-10 05:01:50 INFO  AbstractRestApiClient.startService(71) - EventsService started.
2020-09-10 05:02:50 INFO  ApacheHttpClient.sendEvent(527) - responseCode = 200
2020-09-10 05:03:50 INFO  ApacheHttpClient.sendEvent(527) - responseCode = 200
2020-09-10 05:04:50 INFO  ApacheHttpClient.sendEvent(527) - responseCode = 200
2020-09-10 05:05:10 INFO  PluginTasksProjectComponent.projectClosing(197) - ---------- Project closed ----------

2020-09-10 05:05:10 INFO  ApacheHttpClient.getTask(480) - responseCode = 200
2020-09-10 05:05:14 INFO  PluginTasksProjectComponent.projectOpened(86) - ---------- Project opened ----------
2020-09-10 05:05:14 INFO  PluginTasksProjectComponent.projectOpened(87) - ---------- Version 3.42 ----------

2020-09-10 05:05:14 INFO  ApacheHttpClient.createAsyncHttpClient(143) - 1 proxies selected. Type: DIRECT
2020-09-10 05:05:14 INFO  ApacheHttpClient.<init>(94) - ApacheHttpClient was successfully instantiated.
2020-09-10 05:05:15 INFO  ApacheHttpClient.testConnection(202) - responseCode = 200
2020-09-10 05:05:15 INFO  ApacheHttpClient.testConnection(217) - result = true
2020-09-10 05:05:15 INFO  ApacheHttpClient.isSessionAppropriateWithSecretKey(594) - Waiting for server response.
2020-09-10 05:05:15 INFO  ApacheHttpClient.refreshUserInfo(302) - responseCode = 200
2020-09-10 05:05:15 INFO  ApacheHttpClient.refreshUserInfo(308) - User information received.
2020-09-10 05:05:15 INFO  ApacheHttpClient.startGA(35) - GAService started.
2020-09-10 05:05:15 INFO  AbstractRestApiClient.startService(71) - EventsService started.
2020-09-10 05:06:15 INFO  ApacheHttpClient.sendEvent(527) - responseCode = 200
2020-09-10 05:07:15 INFO  ApacheHttpClient.sendEvent(527) - responseCode = 200
2020-09-10 05:08:15 INFO  ApacheHttpClient.sendEvent(527) - responseCode = 200
2020-09-10 05:09:15 INFO  ApacheHttpClient.sendEvent(527) - responseCode = 200
2020-09-10 05:10:15 INFO  ApacheHttpClient.sendEvent(527) - responseCode = 200
2020-09-10 05:11:15 INFO  ApacheHttpClient.sendEvent(527) - responseCode = 200
2020-09-10 05:12:15 INFO  ApacheHttpClient.sendEvent(527) - responseCode = 200
2020-09-10 05:13:15 INFO  ApacheHttpClient.sendEvent(527) - responseCode = 200
2020-09-10 05:13:31 INFO  ApacheHttpClient.getWebResourceAsStream(494) - responseCode = 200
2020-09-10 05:13:31 INFO  ApacheHttpClient.getFilteredTasks(333) - responseCode = 200
2020-09-10 05:13:35 INFO  ApacheHttpClient.getFilteredTasks(333) - responseCode = 200
2020-09-10 05:13:48 INFO  ApacheHttpClient.getFilteredTasks(333) - responseCode = 200
2020-09-10 05:13:50 INFO  ApacheHttpClient.getTaskTemplateInfo(350) - responseCode = 200
2020-09-10 05:13:59 INFO  ApacheHttpClient.getWebResourceAsStream(494) - responseCode = 200
2020-09-10 05:14:00 INFO  ApacheHttpClient.getFilteredTasks(333) - responseCode = 200
2020-09-10 05:14:02 INFO  ApacheHttpClient.getTaskTemplateInfo(350) - responseCode = 200
2020-09-10 05:14:06 INFO  ApacheHttpClient.getWebResourceAsStream(494) - responseCode = 200
2020-09-10 05:14:07 INFO  ApacheHttpClient.getFilteredTasks(333) - responseCode = 200
2020-09-10 05:14:13 INFO  ApacheHttpClient.getTaskTemplateInfo(350) - responseCode = 200
2020-09-10 05:14:15 INFO  ApacheHttpClient.sendEvent(527) - responseCode = 200
2020-09-10 05:14:17 INFO  ApacheHttpClient.getWebResourceAsStream(494) - responseCode = 200
2020-09-10 05:14:18 INFO  ApacheHttpClient.getFilteredTasks(333) - responseCode = 200
2020-09-10 05:14:21 INFO  ApacheHttpClient.getTaskTemplateInfo(350) - responseCode = 200
2020-09-10 05:14:24 INFO  ApacheHttpClient.getWebResourceAsStream(494) - responseCode = 200
2020-09-10 05:14:25 INFO  ApacheHttpClient.getFilteredTasks(333) - responseCode = 200
2020-09-10 05:14:27 INFO  ApacheHttpClient.getTaskTemplateInfo(350) - responseCode = 200
2020-09-10 05:14:30 INFO  ApacheHttpClient.getWebResourceAsStream(494) - responseCode = 200
2020-09-10 05:14:31 INFO  ApacheHttpClient.getFilteredTasks(333) - responseCode = 200
2020-09-10 05:14:34 INFO  ApacheHttpClient.getTaskTemplateInfo(350) - responseCode = 200
2020-09-10 05:14:37 INFO  ApacheHttpClient.getWebResourceAsStream(494) - responseCode = 200
2020-09-10 05:14:38 INFO  ApacheHttpClient.getFilteredTasks(333) - responseCode = 200
2020-09-10 05:14:46 INFO  ApacheHttpClient.getFilteredTasks(333) - responseCode = 200
2020-09-10 05:14:49 INFO  ApacheHttpClient.getTaskTemplateInfo(350) - responseCode = 200
2020-09-10 05:14:52 INFO  ApacheHttpClient.getWebResourceAsStream(494) - responseCode = 200
2020-09-10 05:14:53 INFO  ApacheHttpClient.getFilteredTasks(333) - responseCode = 200
2020-09-10 05:15:02 INFO  ApacheHttpClient.getTaskTemplateInfo(350) - responseCode = 200
2020-09-10 05:15:05 INFO  ApacheHttpClient.getWebResourceAsStream(494) - responseCode = 200
2020-09-10 05:15:06 INFO  ApacheHttpClient.getFilteredTasks(333) - responseCode = 200
2020-09-10 05:15:07 INFO  ApacheHttpClient.getTaskTemplateInfo(350) - responseCode = 200
2020-09-10 05:15:09 INFO  ApacheHttpClient.getWebResourceAsStream(494) - responseCode = 200
2020-09-10 05:15:09 INFO  ApacheHttpClient.getFilteredTasks(333) - responseCode = 200
2020-09-10 05:15:11 INFO  ApacheHttpClient.getTaskTemplateInfo(350) - responseCode = 200
2020-09-10 05:15:13 INFO  ApacheHttpClient.getWebResourceAsStream(494) - responseCode = 200
2020-09-10 05:15:13 INFO  ApacheHttpClient.getFilteredTasks(333) - responseCode = 200
2020-09-10 05:15:15 INFO  ApacheHttpClient.sendEvent(527) - responseCode = 200
2020-09-10 05:15:25 INFO  ApacheHttpClient.getTaskTemplateInfo(350) - responseCode = 200
2020-09-10 05:15:28 INFO  ApacheHttpClient.getWebResourceAsStream(494) - responseCode = 200
2020-09-10 05:15:28 INFO  ApacheHttpClient.getFilteredTasks(333) - responseCode = 200
2020-09-10 05:15:31 INFO  ApacheHttpClient.getTaskTemplateInfo(350) - responseCode = 200
2020-09-10 05:15:31 INFO  ApacheHttpClient.getTaskTemplateInfo(350) - responseCode = 200
2020-09-10 05:15:34 INFO  ApacheHttpClient.getWebResourceAsStream(494) - responseCode = 200
2020-09-10 05:15:34 INFO  ApacheHttpClient.getFilteredTasks(333) - responseCode = 200
2020-09-10 05:15:37 INFO  ApacheHttpClient.getWebResourceAsStream(494) - responseCode = 200
2020-09-10 05:15:38 INFO  ApacheHttpClient.getWebResourceAsStream(494) - responseCode = 200
2020-09-10 05:15:38 INFO  ApacheHttpClient.getTaskTemplateInfo(350) - responseCode = 200
2020-09-10 05:15:38 INFO  ApacheHttpClient.getWebResourceAsStream(494) - responseCode = 200
2020-09-10 05:15:38 INFO  ApacheHttpClient.getTaskTemplateInfo(350) - responseCode = 200
2020-09-10 05:15:41 INFO  ApacheHttpClient.getWebResourceAsStream(494) - responseCode = 200
2020-09-10 05:15:41 INFO  ApacheHttpClient.getFilteredTasks(333) - responseCode = 200
2020-09-10 05:15:44 INFO  ApacheHttpClient.getWebResourceAsStream(494) - responseCode = 200
2020-09-10 05:15:44 INFO  ApacheHttpClient.getTaskTemplateInfo(350) - responseCode = 200
2020-09-10 05:15:54 INFO  ApacheHttpClient.getWebResourceAsStream(494) - responseCode = 200
2020-09-10 05:15:54 INFO  ApacheHttpClient.getFilteredTasks(333) - responseCode = 200
2020-09-10 05:16:01 INFO  ApacheHttpClient.getWebResourceAsStream(494) - responseCode = 200
2020-09-10 05:16:01 INFO  ApacheHttpClient.getTaskTemplateInfo(350) - responseCode = 200
2020-09-10 05:16:03 INFO  ApacheHttpClient.getWebResourceAsStream(494) - responseCode = 200
2020-09-10 05:16:03 INFO  ApacheHttpClient.getFilteredTasks(333) - responseCode = 200
2020-09-10 05:16:15 INFO  ApacheHttpClient.sendEvent(527) - responseCode = 200
2020-09-10 05:16:20 INFO  ApacheHttpClient.getWebResourceAsStream(494) - responseCode = 200
2020-09-10 05:16:21 INFO  ApacheHttpClient.getFilteredTasks(333) - responseCode = 200
2020-09-10 05:16:23 INFO  ApacheHttpClient.getTaskTemplateInfo(350) - responseCode = 200
2020-09-10 05:16:25 INFO  ApacheHttpClient.getWebResourceAsStream(494) - responseCode = 200
2020-09-10 05:16:26 INFO  ApacheHttpClient.getFilteredTasks(333) - responseCode = 200
2020-09-10 05:16:28 INFO  ApacheHttpClient.getTaskTemplateInfo(350) - responseCode = 200
2020-09-10 05:16:30 INFO  ApacheHttpClient.getWebResourceAsStream(494) - responseCode = 200
2020-09-10 05:16:30 INFO  ApacheHttpClient.getFilteredTasks(333) - responseCode = 200
2020-09-10 05:16:36 INFO  ApacheHttpClient.getFilteredTasks(333) - responseCode = 200
2020-09-10 05:16:37 INFO  ApacheHttpClient.getTaskTemplateInfo(350) - responseCode = 200
2020-09-10 05:16:37 INFO  ApacheHttpClient.getTaskTemplateInfo(350) - responseCode = 200
2020-09-10 05:16:41 INFO  ApacheHttpClient.getWebResourceAsStream(494) - responseCode = 200
2020-09-10 05:16:42 INFO  ApacheHttpClient.getFilteredTasks(333) - responseCode = 200
2020-09-10 05:16:43 INFO  ApacheHttpClient.getTaskTemplateInfo(350) - responseCode = 200
2020-09-10 05:16:43 INFO  ApacheHttpClient.getTaskTemplateInfo(350) - responseCode = 200
2020-09-10 05:16:48 INFO  ApacheHttpClient.getWebResourceAsStream(494) - responseCode = 200
2020-09-10 05:16:49 INFO  ApacheHttpClient.getFilteredTasks(333) - responseCode = 200
2020-09-10 05:16:57 INFO  ApacheHttpClient.getTaskTemplateInfo(350) - responseCode = 200
2020-09-10 05:17:00 INFO  ApacheHttpClient.getWebResourceAsStream(494) - responseCode = 200
2020-09-10 05:17:00 INFO  ApacheHttpClient.getFilteredTasks(333) - responseCode = 200
2020-09-10 05:17:02 INFO  ApacheHttpClient.getTaskTemplateInfo(350) - responseCode = 200
2020-09-10 05:17:15 INFO  ApacheHttpClient.sendEvent(527) - responseCode = 200
2020-09-10 05:17:18 INFO  ApacheHttpClient.getWebResourceAsStream(494) - responseCode = 200
2020-09-10 05:17:18 INFO  ApacheHttpClient.getFilteredTasks(333) - responseCode = 200
2020-09-10 05:17:26 INFO  ApacheHttpClient.getTaskTemplateInfo(350) - responseCode = 200
2020-09-10 05:17:28 INFO  ApacheHttpClient.getWebResourceAsStream(494) - responseCode = 200
2020-09-10 05:17:29 INFO  ApacheHttpClient.getFilteredTasks(333) - responseCode = 200
2020-09-10 05:17:31 INFO  ApacheHttpClient.getTaskTemplateInfo(350) - responseCode = 200
2020-09-10 05:17:33 INFO  ApacheHttpClient.getWebResourceAsStream(494) - responseCode = 200
2020-09-10 05:17:33 INFO  ApacheHttpClient.getFilteredTasks(333) - responseCode = 200
2020-09-10 05:17:35 INFO  ApacheHttpClient.getTaskTemplateInfo(350) - responseCode = 200
2020-09-10 05:17:36 INFO  ApacheHttpClient.getWebResourceAsStream(494) - responseCode = 200
2020-09-10 05:17:37 INFO  ApacheHttpClient.getFilteredTasks(333) - responseCode = 200
2020-09-10 05:17:38 INFO  ApacheHttpClient.getTaskTemplateInfo(350) - responseCode = 200
2020-09-10 05:17:39 INFO  ApacheHttpClient.getWebResourceAsStream(494) - responseCode = 200
2020-09-10 05:17:40 INFO  ApacheHttpClient.getFilteredTasks(333) - responseCode = 200
2020-09-10 05:17:42 INFO  ApacheHttpClient.getTaskTemplateInfo(350) - responseCode = 200
2020-09-10 05:17:43 INFO  ApacheHttpClient.getWebResourceAsStream(494) - responseCode = 200
2020-09-10 05:17:43 INFO  ApacheHttpClient.getFilteredTasks(333) - responseCode = 200
2020-09-10 05:17:46 INFO  ApacheHttpClient.getTaskTemplateInfo(350) - responseCode = 200
2020-09-10 05:17:48 INFO  ApacheHttpClient.getWebResourceAsStream(494) - responseCode = 200
2020-09-10 05:17:48 INFO  ApacheHttpClient.getFilteredTasks(333) - responseCode = 200
2020-09-10 05:17:51 INFO  ApacheHttpClient.getTaskTemplateInfo(350) - responseCode = 200
2020-09-10 05:17:53 INFO  ApacheHttpClient.getWebResourceAsStream(494) - responseCode = 200
2020-09-10 05:17:53 INFO  ApacheHttpClient.getFilteredTasks(333) - responseCode = 200
2020-09-10 05:17:55 INFO  ApacheHttpClient.getTaskTemplateInfo(350) - responseCode = 200
2020-09-10 05:17:56 INFO  ApacheHttpClient.getWebResourceAsStream(494) - responseCode = 200
2020-09-10 05:17:57 INFO  ApacheHttpClient.getFilteredTasks(333) - responseCode = 200
2020-09-10 05:17:59 INFO  ApacheHttpClient.getTaskTemplateInfo(350) - responseCode = 200
2020-09-10 05:18:01 INFO  ApacheHttpClient.getWebResourceAsStream(494) - responseCode = 200
2020-09-10 05:18:01 INFO  ApacheHttpClient.getFilteredTasks(333) - responseCode = 200
2020-09-10 05:18:04 INFO  ApacheHttpClient.getTaskTemplateInfo(350) - responseCode = 200
2020-09-10 05:18:06 INFO  ApacheHttpClient.getWebResourceAsStream(494) - responseCode = 200
2020-09-10 05:18:06 INFO  ApacheHttpClient.getFilteredTasks(333) - responseCode = 200
2020-09-10 05:18:11 INFO  ApacheHttpClient.getTaskTemplateInfo(350) - responseCode = 200
2020-09-10 05:18:13 INFO  ApacheHttpClient.getWebResourceAsStream(494) - responseCode = 200
2020-09-10 05:18:13 INFO  ApacheHttpClient.getFilteredTasks(333) - responseCode = 200
2020-09-10 05:18:15 INFO  ApacheHttpClient.sendEvent(527) - responseCode = 200
2020-09-10 05:18:17 INFO  ApacheHttpClient.getTaskTemplateInfo(350) - responseCode = 200
2020-09-10 05:18:19 INFO  ApacheHttpClient.getWebResourceAsStream(494) - responseCode = 200
2020-09-10 05:18:19 INFO  ApacheHttpClient.getFilteredTasks(333) - responseCode = 200
2020-09-10 05:18:22 INFO  ApacheHttpClient.getTaskTemplateInfo(350) - responseCode = 200
2020-09-10 05:18:24 INFO  ApacheHttpClient.getWebResourceAsStream(494) - responseCode = 200
2020-09-10 05:18:25 INFO  ApacheHttpClient.getFilteredTasks(333) - responseCode = 200
2020-09-10 05:18:29 INFO  ApacheHttpClient.getTaskTemplateInfo(350) - responseCode = 200
2020-09-10 05:18:35 INFO  ApacheHttpClient.getWebResourceAsStream(494) - responseCode = 200
2020-09-10 05:18:35 INFO  ApacheHttpClient.getFilteredTasks(333) - responseCode = 200
2020-09-10 05:18:40 INFO  ApacheHttpClient.getTaskTemplateInfo(350) - responseCode = 200
2020-09-10 05:18:41 INFO  ApacheHttpClient.getWebResourceAsStream(494) - responseCode = 200
2020-09-10 05:18:42 INFO  ApacheHttpClient.getFilteredTasks(333) - responseCode = 200
2020-09-10 05:18:47 INFO  ApacheHttpClient.getTaskTemplateInfo(350) - responseCode = 200
2020-09-10 05:18:49 INFO  ApacheHttpClient.getWebResourceAsStream(494) - responseCode = 200
2020-09-10 05:18:49 INFO  ApacheHttpClient.getFilteredTasks(333) - responseCode = 200
2020-09-10 05:18:54 INFO  ApacheHttpClient.getTaskTemplateInfo(350) - responseCode = 200
2020-09-10 05:18:58 INFO  PluginTasksProjectComponent.projectClosing(197) - ---------- Project closed ----------

2020-09-10 05:18:58 INFO  ApacheHttpClient.getTask(480) - responseCode = 200
2020-09-10 05:18:58 INFO  ApacheHttpClient.getTask(480) - responseCode = 200
2020-09-10 05:18:59 INFO  ApacheHttpClient.getTask(480) - responseCode = 200
2020-09-10 05:18:59 INFO  ApacheHttpClient.getTask(480) - responseCode = 200
2020-09-10 05:18:59 INFO  ApacheHttpClient.getTask(480) - responseCode = 200
2020-09-10 05:18:59 INFO  ApacheHttpClient.getTask(480) - responseCode = 200
2020-09-10 05:18:59 INFO  ApacheHttpClient.getTask(480) - responseCode = 200
2020-09-10 05:18:59 INFO  ApacheHttpClient.getTask(480) - responseCode = 200
2020-09-10 05:19:00 INFO  ApacheHttpClient.getTask(480) - responseCode = 200
2020-09-10 05:19:00 INFO  ApacheHttpClient.getTask(480) - responseCode = 200
2020-09-10 05:19:00 INFO  ApacheHttpClient.getTask(480) - responseCode = 200
2020-09-10 05:19:00 INFO  ApacheHttpClient.getTask(480) - responseCode = 200
2020-09-10 05:19:00 INFO  ApacheHttpClient.getTask(480) - responseCode = 200
2020-09-10 05:19:00 INFO  ApacheHttpClient.getTask(480) - responseCode = 200
2020-09-10 05:19:00 INFO  ApacheHttpClient.getTask(480) - responseCode = 200
2020-09-10 05:19:00 INFO  ApacheHttpClient.getTask(480) - responseCode = 200
2020-09-10 05:19:00 INFO  ApacheHttpClient.getTask(480) - responseCode = 200
2020-09-10 05:19:00 INFO  ApacheHttpClient.getTask(480) - responseCode = 200
2020-09-10 05:19:01 INFO  ApacheHttpClient.getTask(480) - responseCode = 200
2020-09-10 05:19:01 INFO  ApacheHttpClient.getTask(480) - responseCode = 200
2020-09-10 05:19:01 INFO  ApacheHttpClient.getTask(480) - responseCode = 200
2020-09-10 05:19:01 INFO  ApacheHttpClient.getTask(480) - responseCode = 200
2020-09-10 05:19:01 INFO  ApacheHttpClient.getTask(480) - responseCode = 200
2020-09-10 05:19:01 INFO  ApacheHttpClient.getTask(480) - responseCode = 200
2020-09-10 05:19:01 INFO  ApacheHttpClient.getTask(480) - responseCode = 200
2020-09-10 05:19:01 INFO  ApacheHttpClient.getTask(480) - responseCode = 200
2020-09-10 05:19:01 INFO  ApacheHttpClient.getTask(480) - responseCode = 200
2020-09-10 05:19:01 INFO  ApacheHttpClient.getTask(480) - responseCode = 200
2020-09-10 05:23:21 INFO  PluginTasksProjectComponent.projectOpened(86) - ---------- Project opened ----------
2020-09-10 05:23:21 INFO  PluginTasksProjectComponent.projectOpened(87) - ---------- Version 3.42 ----------

2020-09-10 05:23:22 INFO  ApacheHttpClient.createAsyncHttpClient(143) - 1 proxies selected. Type: DIRECT
2020-09-10 05:23:22 INFO  ApacheHttpClient.<init>(94) - ApacheHttpClient was successfully instantiated.
2020-09-10 05:23:22 INFO  ApacheHttpClient.testConnection(202) - responseCode = 200
2020-09-10 05:23:22 INFO  ApacheHttpClient.testConnection(217) - result = true
2020-09-10 05:23:22 INFO  ApacheHttpClient.isSessionAppropriateWithSecretKey(594) - Waiting for server response.
2020-09-10 05:23:22 INFO  ApacheHttpClient.refreshUserInfo(302) - responseCode = 200
2020-09-10 05:23:22 INFO  ApacheHttpClient.refreshUserInfo(308) - User information received.
2020-09-10 05:23:22 INFO  ApacheHttpClient.startGA(35) - GAService started.
2020-09-10 05:23:22 INFO  AbstractRestApiClient.startService(71) - EventsService started.
2020-09-10 05:23:28 INFO  ApacheHttpClient.getWebResourceAsStream(494) - responseCode = 200
2020-09-10 05:23:28 INFO  ApacheHttpClient.getFilteredTasks(333) - responseCode = 200
2020-09-10 05:24:22 INFO  ApacheHttpClient.sendEvent(527) - responseCode = 200
2020-09-10 05:25:22 INFO  ApacheHttpClient.sendEvent(527) - responseCode = 200
